<?xml version="1.0" encoding="UTF-8"?>
<testsuite xmlns:xsi="http://www.w3.org/2001/XMLSchema-instance" xsi:noNamespaceSchemaLocation="https://maven.apache.org/surefire/maven-surefire-plugin/xsd/surefire-test-report-3.0.xsd" version="3.0" name="br.puc.novaapicontroller.NovaApiControllerApplicationTests" time="8.802" tests="1" errors="0" skipped="0" failures="0">
  <properties>
[...]
</properties>
  <testcase name="contextLoads" classname="br.puc.novaapicontroller.NovaApiControllerApplicationTests" time="2.029">
    <system-out><![CDATA[19:40:20.218 [main] INFO org.springframework.test.context.support.AnnotationConfigContextLoaderUtils -- Could not detect default configuration classes for test class [br.puc.novaapicontroller.NovaApiControllerApplicationTests]: NovaApiControllerApplicationTests does not declare any static, non-private, non-final, nested classes annotated with @Configuration.
19:40:20.450 [main] INFO org.springframework.boot.test.context.SpringBootTestContextBootstrapper -- Found @SpringBootConfiguration br.puc.novaapicontroller.NovaApiControllerApplication for test class br.puc.novaapicontroller.NovaApiControllerApplicationTests

  .   ____          _            __ _ _
 /\\ / ___'_ __ _ _(_)_ __  __ _ \ \ \ \
( ( )\___ | '_ | '_| | '_ \/ _` | \ \ \ \
 \\/  ___)| |_)| | | | | || (_| |  ) ) ) )
  '  |____| .__|_| |_|_| |_\__, | / / / /
 =========|_|==============|___/=/_/_/_/
 :: Spring Boot ::                (v3.2.5)

2024-05-30T19:40:21.271-03:00  INFO 23084 --- [nova-api-controller] [           main] b.p.n.NovaApiControllerApplicationTests  : Starting NovaApiControllerApplicationTests using Java 20.0.2 with PID 23084 (started by Julianadm in C:\Users\Julianadm\Desenvolvimento\Repositorios\pmv-ads-2024-1-e4-proj-dad-t2-grupo12\src\nova-api-controller)
2024-05-30T19:40:21.274-03:00  INFO 23084 --- [nova-api-controller] [           main] b.p.n.NovaApiControllerApplicationTests  : No active profile set, falling back to 1 default profile: "default"
2024-05-30T19:40:26.629-03:00  INFO 23084 --- [nova-api-controller] [           main] b.p.n.NovaApiControllerApplicationTests  : Started NovaApiControllerApplicationTests in 5.897 seconds (process running for 7.671)
]]></system-out>
  </testcase>
</testsuite>